<?xml version="1.0" encoding="UTF-8"?>
<!-- Generated by org.testng.reporters.JUnitReportReporter -->
<testsuite hostname="DESKTOP-AVE6NNI" failures="0" tests="1" name="flipkart.AddToCart" time="17.006" errors="0" timestamp="2022-03-08T16:38:05 IST" skipped="0">
  <testcase classname="flipkart.AddToCart" name="cart" time="17.006"/>
  <system-out/>
</testsuite> <!-- flipkart.AddToCart -->
