<?xml version="1.0" encoding="UTF-8"?>
<!-- Generated by org.testng.reporters.JUnitReportReporter -->
<testsuite hostname="DESKTOP-AVE6NNI" failures="0" tests="1" name="bookMyshow.loginPage" time="31.779" errors="0" timestamp="2022-03-03T17:02:11 IST" skipped="0">
  <testcase classname="bookMyshow.loginPage" name="login" time="31.779"/>
  <system-out/>
</testsuite> <!-- bookMyshow.loginPage -->
