<?xml version="1.0" encoding="UTF-8"?>
<!-- Generated by org.testng.reporters.JUnitReportReporter -->
<testsuite hostname="DESKTOP-AVE6NNI" failures="0" tests="1" name="flipkart.TC_Logout_004" time="29.091" errors="0" timestamp="2022-03-10T14:41:11 IST" skipped="0">
  <testcase classname="flipkart.TC_Logout_004" name="logoutUser" time="29.091"/>
  <system-out/>
</testsuite> <!-- flipkart.TC_Logout_004 -->
