<?xml version="1.0" encoding="UTF-8"?>
<!-- Generated by org.testng.reporters.JUnitReportReporter -->
<testsuite hostname="DESKTOP-AVE6NNI" failures="0" tests="1" name="flipkart.TC_FlipkartLogin_001" time="9.812" errors="0" timestamp="2022-03-10T14:41:12 IST" skipped="0">
  <testcase classname="flipkart.TC_FlipkartLogin_001" name="login" time="9.812"/>
  <system-out/>
</testsuite> <!-- flipkart.TC_FlipkartLogin_001 -->
